<?xml version="1.0" encoding="UTF-8"?>
<!-- Generated by org.testng.reporters.JUnitReportReporter -->
<testsuite hostname="DESKTOP-73S007T" name="demoGit.Demo" tests="1" failures="0" timestamp="10 Mar 2022 09:47:48 GMT" time="0.014" errors="0">
  <testcase name="demo" time="0.014" classname="demoGit.Demo"/>
</testsuite> <!-- demoGit.Demo -->
